Traceback (most recent call last):
  File "cifar100_experiments.py", line 10, in <module>
    from lib.experiments import load_dataset, run_wcl, train_with_original, run_pop, run_egdis, run_cl, run_wcl2, run_wcl3
  File "/home/s1572869/MSc_Data_Reduction/lib/experiments.py", line 12, in <module>
    from sklearn.model_selection import train_test_split
  File "/home/s1572869/miniconda3/envs/mlp/lib/python3.7/site-packages/sklearn/__init__.py", line 82, in <module>
    from .base import clone
  File "/home/s1572869/miniconda3/envs/mlp/lib/python3.7/site-packages/sklearn/base.py", line 20, in <module>
    from .utils import _IS_32BIT
  File "/home/s1572869/miniconda3/envs/mlp/lib/python3.7/site-packages/sklearn/utils/__init__.py", line 27, in <module>
    from .fixes import np_version
  File "/home/s1572869/miniconda3/envs/mlp/lib/python3.7/site-packages/sklearn/utils/fixes.py", line 18, in <module>
    import scipy.stats
  File "/home/s1572869/miniconda3/envs/mlp/lib/python3.7/site-packages/scipy/stats/__init__.py", line 384, in <module>
    from .stats import *
  File "/home/s1572869/miniconda3/envs/mlp/lib/python3.7/site-packages/scipy/stats/stats.py", line 185, in <module>
    from . import distributions
  File "/home/s1572869/miniconda3/envs/mlp/lib/python3.7/site-packages/scipy/stats/distributions.py", line 10, in <module>
    from ._distn_infrastructure import (entropy, rv_discrete, rv_continuous,
  File "/home/s1572869/miniconda3/envs/mlp/lib/python3.7/site-packages/scipy/stats/_distn_infrastructure.py", line 25, in <module>
    from scipy import optimize
  File "/home/s1572869/miniconda3/envs/mlp/lib/python3.7/site-packages/scipy/optimize/__init__.py", line 391, in <module>
    from ._root import *
  File "/home/s1572869/miniconda3/envs/mlp/lib/python3.7/site-packages/scipy/optimize/_root.py", line 19, in <module>
    from .minpack import _root_hybr, leastsq
  File "/home/s1572869/miniconda3/envs/mlp/lib/python3.7/site-packages/scipy/optimize/minpack.py", line 15, in <module>
    from ._lsq import least_squares
  File "/home/s1572869/miniconda3/envs/mlp/lib/python3.7/site-packages/scipy/optimize/_lsq/__init__.py", line 5, in <module>
    from .lsq_linear import lsq_linear
  File "/home/s1572869/miniconda3/envs/mlp/lib/python3.7/site-packages/scipy/optimize/_lsq/lsq_linear.py", line 11, in <module>
    from .trf_linear import trf_linear
ModuleNotFoundError: No module named 'scipy.optimize._lsq.trf_linear'
